# JRE version: OpenJDK Runtime Environment Temurin-21.0.9+10 (21.0.9+10) (build 21.0.9+10-LTS)
# Java VM: OpenJDK 64-Bit Server VM Temurin-21.0.9+10 (21.0.9+10-LTS, mixed mode, sharing, tiered, compressed oops, compressed class ptrs, parallel gc, windows-amd64)
GC Precious Log:
 CardTable entry size: 512
 CPUs: 16 total, 16 available
 Memory: 15587M
 Large Page Support: Disabled
 NUMA Support: Disabled
 Compressed Oops: Enabled (32-bit)
 Alignments: Space 512K, Generation 512K, Heap 2M
 Heap Min Capacity: 100M
 Heap Initial Capacity: 100M
 Heap Max Capacity: 2G
 Pre-touch: Disabled
 Parallel Workers: 13
Heap:
 PSYoungGen      total 5120K, used 1995K [0x00000000d5580000, 0x00000000d5c80000, 0x0000000100000000)
  eden space 4096K, 33% used [0x00000000d5580000,0x00000000d56daef0,0x00000000d5980000)
  from space 1024K, 59% used [0x00000000d5b80000,0x00000000d5c18000,0x00000000d5c80000)
  to   space 1024K, 0% used [0x00000000d5980000,0x00000000d5980000,0x00000000d5a80000)
 ParOldGen       total 378368K, used 378013K [0x0000000080000000, 0x0000000097180000, 0x00000000d5580000)
  object space 378368K, 99% used [0x0000000080000000,0x0000000097127428,0x0000000097180000)
 Metaspace       used 79789K, committed 81280K, reserved 1179648K
  class space    used 7931K, committed 8640K, reserved 1048576K
GC Heap History (20 events):
Event: 24352.657 GC heap before
{Heap before GC invocations=3633 (full 7):
 PSYoungGen      total 4096K, used 3908K [0x00000000d5580000, 0x00000000d5e00000, 0x0000000100000000)
  eden space 2560K, 100% used [0x00000000d5580000,0x00000000d5800000,0x00000000d5800000)
  from space 1536K, 87% used [0x00000000d5c80000,0x00000000d5dd1000,0x00000000d5e00000)
  to   space 2560K, 0% used [0x00000000d5900000,0x00000000d5900000,0x00000000d5b80000)
 ParOldGen       total 370688K, used 370618K [0x0000000080000000, 0x0000000096a00000, 0x00000000d5580000)
  object space 370688K, 99% used [0x0000000080000000,0x00000000969eeaf8,0x0000000096a00000)
 Metaspace       used 79789K, committed 81280K, reserved 1179648K
  class space    used 7931K, committed 8640K, reserved 1048576K
}
Event: 24352.658 GC heap after
{Heap after GC invocations=3633 (full 7):
 PSYoungGen      total 4608K, used 1467K [0x00000000d5580000, 0x00000000d5d00000, 0x0000000100000000)
  eden space 3072K, 0% used [0x00000000d5580000,0x00000000d5580000,0x00000000d5880000)
  from space 1536K, 95% used [0x00000000d5900000,0x00000000d5a6ecd0,0x00000000d5a80000)
  to   space 2048K, 0% used [0x00000000d5b00000,0x00000000d5b00000,0x00000000d5d00000)
 ParOldGen       total 372224K, used 371846K [0x0000000080000000, 0x0000000096b80000, 0x00000000d5580000)
  object space 372224K, 99% used [0x0000000080000000,0x0000000096b21af8,0x0000000096b80000)
 Metaspace       used 79789K, committed 81280K, reserved 1179648K
  class space    used 7931K, committed 8640K, reserved 1048576K
}
Event: 24352.665 GC heap before
{Heap before GC invocations=3634 (full 7):
 PSYoungGen      total 4608K, used 4539K [0x00000000d5580000, 0x00000000d5d00000, 0x0000000100000000)
  eden space 3072K, 100% used [0x00000000d5580000,0x00000000d5880000,0x00000000d5880000)
  from space 1536K, 95% used [0x00000000d5900000,0x00000000d5a6ecd0,0x00000000d5a80000)
  to   space 2048K, 0% used [0x00000000d5b00000,0x00000000d5b00000,0x00000000d5d00000)
 ParOldGen       total 372224K, used 371846K [0x0000000080000000, 0x0000000096b80000, 0x00000000d5580000)
  object space 372224K, 99% used [0x0000000080000000,0x0000000096b21af8,0x0000000096b80000)
 Metaspace       used 79789K, committed 81280K, reserved 1179648K
  class space    used 7931K, committed 8640K, reserved 1048576K
}
Event: 24352.666 GC heap after
{Heap after GC invocations=3634 (full 7):
 PSYoungGen      total 4608K, used 1474K [0x00000000d5580000, 0x00000000d5c80000, 0x0000000100000000)
  eden space 3072K, 0% used [0x00000000d5580000,0x00000000d5580000,0x00000000d5880000)
  from space 1536K, 96% used [0x00000000d5b00000,0x00000000d5c70b48,0x00000000d5c80000)
  to   space 1536K, 0% used [0x00000000d5900000,0x00000000d5900000,0x00000000d5a80000)
 ParOldGen       total 373248K, used 373184K [0x0000000080000000, 0x0000000096c80000, 0x00000000d5580000)
  object space 373248K, 99% used [0x0000000080000000,0x0000000096c70230,0x0000000096c80000)
 Metaspace       used 79789K, committed 81280K, reserved 1179648K
  class space    used 7931K, committed 8640K, reserved 1048576K
}
Event: 24352.671 GC heap before
{Heap before GC invocations=3635 (full 7):
 PSYoungGen      total 4608K, used 4546K [0x00000000d5580000, 0x00000000d5c80000, 0x0000000100000000)
  eden space 3072K, 100% used [0x00000000d5580000,0x00000000d5880000,0x00000000d5880000)
  from space 1536K, 96% used [0x00000000d5b00000,0x00000000d5c70b48,0x00000000d5c80000)
  to   space 1536K, 0% used [0x00000000d5900000,0x00000000d5900000,0x00000000d5a80000)
 ParOldGen       total 373248K, used 373184K [0x0000000080000000, 0x0000000096c80000, 0x00000000d5580000)
  object space 373248K, 99% used [0x0000000080000000,0x0000000096c70230,0x0000000096c80000)
 Metaspace       used 79789K, committed 81280K, reserved 1179648K
  class space    used 7931K, committed 8640K, reserved 1048576K
}
Event: 24352.672 GC heap after
{Heap after GC invocations=3635 (full 7):
 PSYoungGen      total 4096K, used 832K [0x00000000d5580000, 0x00000000d5b80000, 0x0000000100000000)
  eden space 3072K, 0% used [0x00000000d5580000,0x00000000d5580000,0x00000000d5880000)
  from space 1024K, 81% used [0x00000000d5900000,0x00000000d59d0020,0x00000000d5a00000)
  to   space 1536K, 0% used [0x00000000d5a00000,0x00000000d5a00000,0x00000000d5b80000)
 ParOldGen       total 374784K, used 374498K [0x0000000080000000, 0x0000000096e00000, 0x00000000d5580000)
  object space 374784K, 99% used [0x0000000080000000,0x0000000096db8ac0,0x0000000096e00000)
 Metaspace       used 79789K, committed 81280K, reserved 1179648K
  class space    used 7931K, committed 8640K, reserved 1048576K
}
Event: 24352.680 GC heap before
{Heap before GC invocations=3636 (full 7):
 PSYoungGen      total 4096K, used 3899K [0x00000000d5580000, 0x00000000d5b80000, 0x0000000100000000)
  eden space 3072K, 99% used [0x00000000d5580000,0x00000000d587ec38,0x00000000d5880000)
  from space 1024K, 81% used [0x00000000d5900000,0x00000000d59d0020,0x00000000d5a00000)
  to   space 1536K, 0% used [0x00000000d5a00000,0x00000000d5a00000,0x00000000d5b80000)
 ParOldGen       total 374784K, used 374498K [0x0000000080000000, 0x0000000096e00000, 0x00000000d5580000)
  object space 374784K, 99% used [0x0000000080000000,0x0000000096db8ac0,0x0000000096e00000)
 Metaspace       used 79789K, committed 81280K, reserved 1179648K
  class space    used 7931K, committed 8640K, reserved 1048576K
}
Event: 24352.681 GC heap after
{Heap after GC invocations=3636 (full 7):
 PSYoungGen      total 4096K, used 640K [0x00000000d5580000, 0x00000000d5b00000, 0x0000000100000000)
  eden space 3072K, 0% used [0x00000000d5580000,0x00000000d5580000,0x00000000d5880000)
  from space 1024K, 62% used [0x00000000d5a00000,0x00000000d5aa0000,0x00000000d5b00000)
  to   space 1024K, 0% used [0x00000000d5900000,0x00000000d5900000,0x00000000d5a00000)
 ParOldGen       total 375296K, used 375223K [0x0000000080000000, 0x0000000096e80000, 0x00000000d5580000)
  object space 375296K, 99% used [0x0000000080000000,0x0000000096e6df60,0x0000000096e80000)
 Metaspace       used 79789K, committed 81280K, reserved 1179648K
  class space    used 7931K, committed 8640K, reserved 1048576K
}
Event: 24352.689 GC heap before
{Heap before GC invocations=3637 (full 7):
 PSYoungGen      total 4096K, used 3712K [0x00000000d5580000, 0x00000000d5b00000, 0x0000000100000000)
  eden space 3072K, 100% used [0x00000000d5580000,0x00000000d5880000,0x00000000d5880000)
  from space 1024K, 62% used [0x00000000d5a00000,0x00000000d5aa0000,0x00000000d5b00000)
  to   space 1024K, 0% used [0x00000000d5900000,0x00000000d5900000,0x00000000d5a00000)
 ParOldGen       total 375296K, used 375223K [0x0000000080000000, 0x0000000096e80000, 0x00000000d5580000)
  object space 375296K, 99% used [0x0000000080000000,0x0000000096e6df60,0x0000000096e80000)
 Metaspace       used 79789K, committed 81280K, reserved 1179648K
  class space    used 7931K, committed 8640K, reserved 1048576K
}
Event: 24352.690 GC heap after
{Heap after GC invocations=3637 (full 7):
 PSYoungGen      total 4096K, used 704K [0x00000000d5580000, 0x00000000d5a80000, 0x0000000100000000)
  eden space 3072K, 0% used [0x00000000d5580000,0x00000000d5580000,0x00000000d5880000)
  from space 1024K, 68% used [0x00000000d5900000,0x00000000d59b0000,0x00000000d5a00000)
  to   space 512K, 0% used [0x00000000d5a00000,0x00000000d5a00000,0x00000000d5a80000)
 ParOldGen       total 375808K, used 375687K [0x0000000080000000, 0x0000000096f00000, 0x00000000d5580000)
  object space 375808K, 99% used [0x0000000080000000,0x0000000096ee1f60,0x0000000096f00000)
 Metaspace       used 79789K, committed 81280K, reserved 1179648K
  class space    used 7931K, committed 8640K, reserved 1048576K
}
Event: 24352.699 GC heap before
{Heap before GC invocations=3638 (full 7):
 PSYoungGen      total 4096K, used 3776K [0x00000000d5580000, 0x00000000d5a80000, 0x0000000100000000)
  eden space 3072K, 100% used [0x00000000d5580000,0x00000000d5880000,0x00000000d5880000)
  from space 1024K, 68% used [0x00000000d5900000,0x00000000d59b0000,0x00000000d5a00000)
  to   space 512K, 0% used [0x00000000d5a00000,0x00000000d5a00000,0x00000000d5a80000)
 ParOldGen       total 375808K, used 375687K [0x0000000080000000, 0x0000000096f00000, 0x00000000d5580000)
  object space 375808K, 99% used [0x0000000080000000,0x0000000096ee1f60,0x0000000096f00000)
 Metaspace       used 79789K, committed 81280K, reserved 1179648K
  class space    used 7931K, committed 8640K, reserved 1048576K
}
Event: 24353.705 GC heap after
{Heap after GC invocations=3638 (full 7):
 PSYoungGen      total 3584K, used 496K [0x00000000d5580000, 0x00000000d5c80000, 0x0000000100000000)
  eden space 3072K, 0% used [0x00000000d5580000,0x00000000d5580000,0x00000000d5880000)
  from space 512K, 96% used [0x00000000d5a00000,0x00000000d5a7c010,0x00000000d5a80000)
  to   space 1536K, 0% used [0x00000000d5880000,0x00000000d5880000,0x00000000d5a00000)
 ParOldGen       total 376320K, used 376314K [0x0000000080000000, 0x0000000096f80000, 0x00000000d5580000)
  object space 376320K, 99% used [0x0000000080000000,0x0000000096f7ea28,0x0000000096f80000)
 Metaspace       used 79789K, committed 81280K, reserved 1179648K
  class space    used 7931K, committed 8640K, reserved 1048576K
}
Event: 24353.712 GC heap before
{Heap before GC invocations=3639 (full 7):
 PSYoungGen      total 3584K, used 3568K [0x00000000d5580000, 0x00000000d5c80000, 0x0000000100000000)
  eden space 3072K, 100% used [0x00000000d5580000,0x00000000d5880000,0x00000000d5880000)
  from space 512K, 96% used [0x00000000d5a00000,0x00000000d5a7c010,0x00000000d5a80000)
  to   space 1536K, 0% used [0x00000000d5880000,0x00000000d5880000,0x00000000d5a00000)
 ParOldGen       total 376320K, used 376314K [0x0000000080000000, 0x0000000096f80000, 0x00000000d5580000)
  object space 376320K, 99% used [0x0000000080000000,0x0000000096f7ea28,0x0000000096f80000)
 Metaspace       used 79789K, committed 81280K, reserved 1179648K
  class space    used 7931K, committed 8640K, reserved 1048576K
}
Event: 24353.715 GC heap after
{Heap after GC invocations=3639 (full 7):
 PSYoungGen      total 4608K, used 736K [0x00000000d5580000, 0x00000000d5b80000, 0x0000000100000000)
  eden space 3072K, 0% used [0x00000000d5580000,0x00000000d5580000,0x00000000d5880000)
  from space 1536K, 47% used [0x00000000d5880000,0x00000000d5938000,0x00000000d5a00000)
  to   space 1024K, 0% used [0x00000000d5a80000,0x00000000d5a80000,0x00000000d5b80000)
 ParOldGen       total 376832K, used 376666K [0x0000000080000000, 0x0000000097000000, 0x00000000d5580000)
  object space 376832K, 99% used [0x0000000080000000,0x0000000096fd6a38,0x0000000097000000)
 Metaspace       used 79789K, committed 81280K, reserved 1179648K
  class space    used 7931K, committed 8640K, reserved 1048576K
}
Event: 24353.730 GC heap before
{Heap before GC invocations=3640 (full 7):
 PSYoungGen      total 4608K, used 3808K [0x00000000d5580000, 0x00000000d5b80000, 0x0000000100000000)
  eden space 3072K, 100% used [0x00000000d5580000,0x00000000d5880000,0x00000000d5880000)
  from space 1536K, 47% used [0x00000000d5880000,0x00000000d5938000,0x00000000d5a00000)
  to   space 1024K, 0% used [0x00000000d5a80000,0x00000000d5a80000,0x00000000d5b80000)
 ParOldGen       total 376832K, used 376666K [0x0000000080000000, 0x0000000097000000, 0x00000000d5580000)
  object space 376832K, 99% used [0x0000000080000000,0x0000000096fd6a38,0x0000000097000000)
 Metaspace       used 79789K, committed 81280K, reserved 1179648K
  class space    used 7931K, committed 8640K, reserved 1048576K
}
Event: 24353.732 GC heap after
{Heap after GC invocations=3640 (full 7):
 PSYoungGen      total 5120K, used 800K [0x00000000d5580000, 0x00000000d5b80000, 0x0000000100000000)
  eden space 4096K, 0% used [0x00000000d5580000,0x00000000d5580000,0x00000000d5980000)
  from space 1024K, 78% used [0x00000000d5a80000,0x00000000d5b48000,0x00000000d5b80000)
  to   space 1024K, 0% used [0x00000000d5980000,0x00000000d5980000,0x00000000d5a80000)
 ParOldGen       total 377344K, used 377208K [0x0000000080000000, 0x0000000097080000, 0x00000000d5580000)
  object space 377344K, 99% used [0x0000000080000000,0x000000009705e200,0x0000000097080000)
 Metaspace       used 79789K, committed 81280K, reserved 1179648K
  class space    used 7931K, committed 8640K, reserved 1048576K
}
Event: 24353.769 GC heap before
{Heap before GC invocations=3641 (full 7):
 PSYoungGen      total 5120K, used 4896K [0x00000000d5580000, 0x00000000d5b80000, 0x0000000100000000)
  eden space 4096K, 100% used [0x00000000d5580000,0x00000000d5980000,0x00000000d5980000)
  from space 1024K, 78% used [0x00000000d5a80000,0x00000000d5b48000,0x00000000d5b80000)
  to   space 1024K, 0% used [0x00000000d5980000,0x00000000d5980000,0x00000000d5a80000)
 ParOldGen       total 377344K, used 377208K [0x0000000080000000, 0x0000000097080000, 0x00000000d5580000)
  object space 377344K, 99% used [0x0000000080000000,0x000000009705e200,0x0000000097080000)
 Metaspace       used 79789K, committed 81280K, reserved 1179648K
  class space    used 7931K, committed 8640K, reserved 1048576K
}
Event: 24353.771 GC heap after
{Heap after GC invocations=3641 (full 7):
 PSYoungGen      total 5120K, used 384K [0x00000000d5580000, 0x00000000d5c80000, 0x0000000100000000)
  eden space 4096K, 0% used [0x00000000d5580000,0x00000000d5580000,0x00000000d5980000)
  from space 1024K, 37% used [0x00000000d5980000,0x00000000d59e0000,0x00000000d5a80000)
  to   space 1024K, 0% used [0x00000000d5b80000,0x00000000d5b80000,0x00000000d5c80000)
 ParOldGen       total 377856K, used 377789K [0x0000000080000000, 0x0000000097100000, 0x00000000d5580000)
  object space 377856K, 99% used [0x0000000080000000,0x00000000970ef408,0x0000000097100000)
 Metaspace       used 79789K, committed 81280K, reserved 1179648K
  class space    used 7931K, committed 8640K, reserved 1048576K
}
Event: 24353.817 GC heap before
{Heap before GC invocations=3642 (full 7):
 PSYoungGen      total 5120K, used 4480K [0x00000000d5580000, 0x00000000d5c80000, 0x0000000100000000)
  eden space 4096K, 100% used [0x00000000d5580000,0x00000000d5980000,0x00000000d5980000)
  from space 1024K, 37% used [0x00000000d5980000,0x00000000d59e0000,0x00000000d5a80000)
  to   space 1024K, 0% used [0x00000000d5b80000,0x00000000d5b80000,0x00000000d5c80000)
 ParOldGen       total 377856K, used 377789K [0x0000000080000000, 0x0000000097100000, 0x00000000d5580000)
  object space 377856K, 99% used [0x0000000080000000,0x00000000970ef408,0x0000000097100000)
 Metaspace       used 79789K, committed 81280K, reserved 1179648K
  class space    used 7931K, committed 8640K, reserved 1048576K
}
Event: 24353.818 GC heap after
{Heap after GC invocations=3642 (full 7):
 PSYoungGen      total 5120K, used 608K [0x00000000d5580000, 0x00000000d5c80000, 0x0000000100000000)
  eden space 4096K, 0% used [0x00000000d5580000,0x00000000d5580000,0x00000000d5980000)
  from space 1024K, 59% used [0x00000000d5b80000,0x00000000d5c18000,0x00000000d5c80000)
  to   space 1024K, 0% used [0x00000000d5980000,0x00000000d5980000,0x00000000d5a80000)
 ParOldGen       total 378368K, used 378013K [0x0000000080000000, 0x0000000097180000, 0x00000000d5580000)
  object space 378368K, 99% used [0x0000000080000000,0x0000000097127428,0x0000000097180000)
 Metaspace       used 79789K, committed 81280K, reserved 1179648K
  class space    used 7931K, committed 8640K, reserved 1048576K
}

